2025-12-19 16:44:45,028 - INFO - Processing -- Argumentaire Offre Weekend Boost V2-- finish JUILLET AR version 2.docx...
2025-12-19 16:44:45,114 - INFO - Saved text: real_dataset\-- Argumentaire Offre Weekend Boost V2-- finish JUILLET AR version 2.txt
2025-12-19 16:44:45,114 - INFO - Processing -- Argumentaire Offre Weekend Boost V2-- finish JUILLET FR Version 2.docx...
2025-12-19 16:44:45,158 - INFO - Saved text: real_dataset\-- Argumentaire Offre Weekend Boost V2-- finish JUILLET FR Version 2.txt
2025-12-19 16:44:45,158 - INFO - Processing -- Argumentaire Produits partenaire SARL ACE Algťrie, BUZZ VERSION ARABE.docx...
2025-12-19 16:44:45,189 - INFO - Saved text: real_dataset\-- Argumentaire Produits partenaire SARL ACE Algťrie, BUZZ VERSION ARABE.txt
2025-12-19 16:44:45,189 - INFO - Processing -- Argumentaire Produits partenaire SARL ACE Algťrie, BUZZ.docx...
2025-12-19 16:44:45,209 - INFO - Saved text: real_dataset\-- Argumentaire Produits partenaire SARL ACE Algťrie, BUZZ.txt
2025-12-19 16:44:45,209 - INFO - Processing A \u0627\u062a\u0641\u0627\u0642\u064a\u0629 \u0628\u064a\u0646 \u0627\u062a\u0635\u0627\u0644\u0627\u062a \u0627\u0644\u062c\u0632\u0627\u0626\u0631 \u0648 \u0627\u0644\u0645\u0624\u0633\u0633\u0629.docx...
2025-12-19 16:44:45,249 - INFO - Saved text: real_dataset\A \u0627\u062a\u0641\u0627\u0642\u064a\u0629 \u0628\u064a\u0646 \u0627\u062a\u0635\u0627\u0644\u0627\u062a \u0627\u0644\u062c\u0632\u0627\u0626\u0631 \u0648 \u0627\u0644\u0645\u0624\u0633\u0633\u0629.txt
2025-12-19 16:44:45,249 - INFO - Processing AB \u0627\u062a\u0641\u0627\u0642\u064a\u0629 \u0627\u062a\u0635\u0627\u0644\u0627\u062a \u0627\u0644\u062c\u0632\u0627\u0626\u0631 \u0648\u0627\u0644\u0645\u0624\u0633\u0633\u0629.docx...
2025-12-19 16:44:45,276 - INFO - Saved text: real_dataset\AB \u0627\u062a\u0641\u0627\u0642\u064a\u0629 \u0627\u062a\u0635\u0627\u0644\u0627\u062a \u0627\u0644\u062c\u0632\u0627\u0626\u0631 \u0648\u0627\u0644\u0645\u0624\u0633\u0633\u0629.txt
2025-12-19 16:44:45,276 - INFO - Processing AC \u0627\u062a\u0641\u0627\u0642\u064a\u0629 \u0628\u064a\u0646 \u0627\u062a\u0635\u0627\u0644\u0627\u062a \u0627\u0644\u062c\u0632\u0627\u0626\u0631 \u0648\u0627\u0644\u0645\u0624\u0633\u0633\u0629.docx...
2025-12-19 16:44:45,309 - INFO - Saved text: real_dataset\AC \u0627\u062a\u0641\u0627\u0642\u064a\u0629 \u0628\u064a\u0646 \u0627\u062a\u0635\u0627\u0644\u0627\u062a \u0627\u0644\u062c\u0632\u0627\u0626\u0631 \u0648\u0627\u0644\u0645\u0624\u0633\u0633\u0629.txt
2025-12-19 16:44:45,309 - INFO - Processing AD \u0627\u062a\u0641\u0627\u0642\u064a\u0629 \u0628\u064a\u0646 \u0627\u062a\u0635\u0627\u0644\u0627\u062a \u0627\u0644\u062c\u0632\u0627\u0626\u0631 \u0648 \u0627\u0644\u0645\u0624\u0633\u0633\u0629.docx...
2025-12-19 16:44:45,385 - INFO - Saved text: real_dataset\AD \u0627\u062a\u0641\u0627\u0642\u064a\u0629 \u0628\u064a\u0646 \u0627\u062a\u0635\u0627\u0644\u0627\u062a \u0627\u0644\u062c\u0632\u0627\u0626\u0631 \u0648 \u0627\u0644\u0645\u0624\u0633\u0633\u0629.txt
2025-12-19 16:44:45,385 - INFO - Processing Argu nouveaux avantages liťs au paiement ťlectronique - finish -.pdf...
2025-12-19 16:44:45,516 - ERROR - OCR failed for files\Argu nouveaux avantages liťs au paiement ťlectronique - finish -.pdf: Unable to get page count. Is poppler installed and in PATH?
2025-12-19 16:44:45,516 - WARNING - No text extracted from files\Argu nouveaux avantages liťs au paiement ťlectronique - finish -.pdf
2025-12-19 16:44:45,516 - INFO - Processing Argumentaire Boutique en ligne Idoom Market  version FR.docx...
2025-12-19 16:44:45,550 - INFO - Saved text: real_dataset\Argumentaire Boutique en ligne Idoom Market  version FR.txt
2025-12-19 16:44:45,550 - INFO - Processing Argumentaire Boutique en ligne Idoom Market 23112023 version arabe.docx...
2025-12-19 16:44:45,583 - INFO - Saved text: real_dataset\Argumentaire Boutique en ligne Idoom Market 23112023 version arabe.txt
2025-12-19 16:44:45,583 - INFO - Processing Argumentaire cache medems version FR.docx...
2025-12-19 16:44:45,618 - INFO - Saved text: real_dataset\Argumentaire cache medems version FR.txt
2025-12-19 16:44:45,619 - INFO - Processing Argumentaire Caches Modems DťpŰt vente  version arabe.docx...
2025-12-19 16:44:45,659 - INFO - Saved text: real_dataset\Argumentaire Caches Modems DťpŰt vente  version arabe.txt
2025-12-19 16:44:45,659 - INFO - Processing Argumentaire Cartes de racharge Dorouscom - Arabe.docx...
2025-12-19 16:44:45,735 - INFO - Saved text: real_dataset\Argumentaire Cartes de racharge Dorouscom - Arabe.txt
2025-12-19 16:44:45,736 - INFO - Processing Argumentaire Cartes de recharge Dorouscom - FR -.docx...
2025-12-19 16:44:45,767 - INFO - Saved text: real_dataset\Argumentaire Cartes de recharge Dorouscom - FR -.txt
2025-12-19 16:44:45,768 - INFO - Processing Argumentaire EKOTEB V2 AR.docx...
2025-12-19 16:44:45,805 - INFO - Saved text: real_dataset\Argumentaire EKOTEB V2 AR.txt
2025-12-19 16:44:45,806 - INFO - Processing Argumentaire EKOTEB Version 2 FR.docx...
2025-12-19 16:44:45,830 - INFO - Saved text: real_dataset\Argumentaire EKOTEB Version 2 FR.txt
2025-12-19 16:44:45,830 - INFO - Processing Argumentaire idoom Medium business et moderni v 2.0 AR.docx...
2025-12-19 16:44:45,872 - INFO - Saved text: real_dataset\Argumentaire idoom Medium business et moderni v 2.0 AR.txt
2025-12-19 16:44:45,873 - INFO - Processing Argumentaire idoom Medium business et moderni v 2.0 AR_1.docx...
2025-12-19 16:44:45,910 - INFO - Saved text: real_dataset\Argumentaire idoom Medium business et moderni v 2.0 AR_1.txt
2025-12-19 16:44:45,910 - INFO - Processing Argumentaire idoom Medium business et modernisation. V 2.0 FR.docx...
2025-12-19 16:44:45,957 - INFO - Saved text: real_dataset\Argumentaire idoom Medium business et modernisation. V 2.0 FR.txt
2025-12-19 16:44:45,958 - INFO - Processing Argumentaire Mise ŗ jour offre idoom fibre, ADSL et VDSL 17072025 version FR.docx...
2025-12-19 16:44:46,001 - INFO - Saved text: real_dataset\Argumentaire Mise ŗ jour offre idoom fibre, ADSL et VDSL 17072025 version FR.txt
2025-12-19 16:44:46,001 - INFO - Processing Argumentaire MOOHTARIF FR.docx...
2025-12-19 16:44:46,041 - INFO - Saved text: real_dataset\Argumentaire MOOHTARIF FR.txt
2025-12-19 16:44:46,041 - INFO - Processing Argumentaire MOOHTARIF Locataire Version AR.docx...
2025-12-19 16:44:46,105 - INFO - Saved text: real_dataset\Argumentaire MOOHTARIF Locataire Version AR.txt
2025-12-19 16:44:46,105 - INFO - Processing Argumentaire MOOHTARIF Locataire Version FR.docx...
2025-12-19 16:44:46,156 - INFO - Saved text: real_dataset\Argumentaire MOOHTARIF Locataire Version FR.txt
2025-12-19 16:44:46,156 - INFO - Processing Argumentaire MOOHTARIF Version ARAB.docx...
2025-12-19 16:44:46,223 - INFO - Saved text: real_dataset\Argumentaire MOOHTARIF Version ARAB.txt
2025-12-19 16:44:46,223 - INFO - Processing Argumentaire Nouveaux Avantages Liťs au Paiement …lectronique -finish - version arabe -.docx...
2025-12-19 16:44:46,249 - INFO - Saved text: real_dataset\Argumentaire Nouveaux Avantages Liťs au Paiement …lectronique -finish - version arabe -.txt
2025-12-19 16:44:46,249 - INFO - Processing Argumentaire Nouveaux Avantages Liťs au Paiement …lectronique -finish - version arabe -_1.docx...
2025-12-19 16:44:46,324 - INFO - Saved text: real_dataset\Argumentaire Nouveaux Avantages Liťs au Paiement …lectronique -finish - version arabe -_1.txt
2025-12-19 16:44:46,324 - INFO - Processing Argumentaire Nouveaux Avantages Liťs au Paiement …lectronique -finish- version franÁaise -.docx...
2025-12-19 16:44:46,369 - INFO - Saved text: real_dataset\Argumentaire Nouveaux Avantages Liťs au Paiement …lectronique -finish- version franÁaise -.txt
2025-12-19 16:44:46,369 - INFO - Processing Argumentaire Nouveaux Avantages Liťs au Paiement …lectronique -finish- version franÁaise -_1.docx...
2025-12-19 16:44:46,407 - INFO - Saved text: real_dataset\Argumentaire Nouveaux Avantages Liťs au Paiement …lectronique -finish- version franÁaise -_1.txt
2025-12-19 16:44:46,407 - INFO - Processing Argumentaire Nouvelle Offre Parrainage 2025 -  version arabe -.docx...
2025-12-19 16:44:46,462 - INFO - Saved text: real_dataset\Argumentaire Nouvelle Offre Parrainage 2025 -  version arabe -.txt
2025-12-19 16:44:46,462 - INFO - Processing Argumentaire Nouvelle Offre Parrainage 2025 -  version arabe -_1.docx...
2025-12-19 16:44:46,518 - INFO - Saved text: real_dataset\Argumentaire Nouvelle Offre Parrainage 2025 -  version arabe -_1.txt
2025-12-19 16:44:46,518 - INFO - Processing Argumentaire Nouvelle Offre Parrainage 2025 - version FR.docx...
2025-12-19 16:44:46,544 - INFO - Saved text: real_dataset\Argumentaire Nouvelle Offre Parrainage 2025 - version FR.txt
2025-12-19 16:44:46,544 - INFO - Processing Argumentaire Nouvelle Offre Parrainage 2025 - version franÁaise -.docx...
2025-12-19 16:44:46,570 - INFO - Saved text: real_dataset\Argumentaire Nouvelle Offre Parrainage 2025 - version franÁaise -.txt
2025-12-19 16:44:46,570 - INFO - Processing Argumentaire Offre Gamers Locataire V5 2025 en Arabe.docx...
2025-12-19 16:44:46,598 - INFO - Saved text: real_dataset\Argumentaire Offre Gamers Locataire V5 2025 en Arabe.txt
2025-12-19 16:44:46,598 - INFO - Processing Argumentaire Offre Gamers Locataire V5 2025 en FranÁais.docx...
2025-12-19 16:44:46,619 - INFO - Saved text: real_dataset\Argumentaire Offre Gamers Locataire V5 2025 en FranÁais.txt
2025-12-19 16:44:46,619 - INFO - Processing Argumentaire Offre Gamers V5 2025 AR.docx...
2025-12-19 16:44:46,651 - INFO - Saved text: real_dataset\Argumentaire Offre Gamers V5 2025 AR.txt
2025-12-19 16:44:46,651 - INFO - Processing Argumentaire Offre Gamers V5 2025 FR.docx...
2025-12-19 16:44:46,675 - INFO - Saved text: real_dataset\Argumentaire Offre Gamers V5 2025 FR.txt
2025-12-19 16:44:46,675 - INFO - Processing Argumentaire Plateforme ClassaTeck version arabe.docx...
2025-12-19 16:44:46,696 - INFO - Saved text: real_dataset\Argumentaire Plateforme ClassaTeck version arabe.txt
2025-12-19 16:44:46,696 - INFO - Processing Argumentaire Plateforme ClassaTeck version FR.docx...
2025-12-19 16:44:46,749 - INFO - Saved text: real_dataset\Argumentaire Plateforme ClassaTeck version FR.txt
2025-12-19 16:44:46,749 - INFO - Processing Argumentaire Produits partenaire SARL SACOMI ELECTRONICS -Smartphone ZTE- EN ARABE.docx...
2025-12-19 16:44:46,791 - INFO - Saved text: real_dataset\Argumentaire Produits partenaire SARL SACOMI ELECTRONICS -Smartphone ZTE- EN ARABE.txt
2025-12-19 16:44:46,791 - INFO - Processing Argumentaire Produits partenaire SARL SACOMI ELECTRONICS -Smartphone ZTE- en franÁais.docx...
2025-12-19 16:44:46,832 - INFO - Saved text: real_dataset\Argumentaire Produits partenaire SARL SACOMI ELECTRONICS -Smartphone ZTE- en franÁais.txt
2025-12-19 16:44:46,832 - INFO - Processing Argumentaire Rťvision du prix des ONT GPON Wi-Fi 6 & Lancement des ONT en arabe.docx...
2025-12-19 16:44:46,958 - INFO - Saved text: real_dataset\Argumentaire Rťvision du prix des ONT GPON Wi-Fi 6 & Lancement des ONT en arabe.txt
2025-12-19 16:44:46,958 - INFO - Processing Argumentaire Rťvision du prix des ONT GPON Wi-Fi 6 & Lancement des ONT en franÁais.docx...
2025-12-19 16:44:47,044 - INFO - Saved text: real_dataset\Argumentaire Rťvision du prix des ONT GPON Wi-Fi 6 & Lancement des ONT en franÁais.txt
2025-12-19 16:44:47,045 - INFO - Processing Argumentaire Service MOALIM V3 arabe.docx...
2025-12-19 16:44:47,102 - INFO - Saved text: real_dataset\Argumentaire Service MOALIM V3 arabe.txt
2025-12-19 16:44:47,103 - INFO - Processing Argumentaire Service MOALIM V3 WORD.docx...
2025-12-19 16:44:47,169 - INFO - Saved text: real_dataset\Argumentaire Service MOALIM V3 WORD.txt
2025-12-19 16:44:47,169 - INFO - Processing Argumentaire Timbre fiscal conformťment ŗ la nouvelle loi de finance 2025 version arabe.docx...
2025-12-19 16:44:47,191 - INFO - Saved text: real_dataset\Argumentaire Timbre fiscal conformťment ŗ la nouvelle loi de finance 2025 version arabe.txt
2025-12-19 16:44:47,191 - INFO - Processing Argumentaire Timbre fiscal conformťment ŗ la nouvelle loi de finance 2025 version FR.docx...
2025-12-19 16:44:47,211 - INFO - Saved text: real_dataset\Argumentaire Timbre fiscal conformťment ŗ la nouvelle loi de finance 2025 version FR.txt
2025-12-19 16:44:47,212 - INFO - Processing Argumentaire Timbre fiscal conformťment ŗ la nouvelle loi de finance 2025 version franÁaise.docx...
2025-12-19 16:44:47,228 - INFO - Saved text: real_dataset\Argumentaire Timbre fiscal conformťment ŗ la nouvelle loi de finance 2025 version franÁaise.txt
2025-12-19 16:44:47,228 - INFO - Processing Argumentaire TWIN BOX - version 2- version FR.docx...
2025-12-19 16:44:47,304 - INFO - Saved text: real_dataset\Argumentaire TWIN BOX - version 2- version FR.txt
2025-12-19 16:44:47,304 - INFO - Processing Argumentaire TWIN BOX - version 2-arabe.docx...
2025-12-19 16:44:47,377 - INFO - Saved text: real_dataset\Argumentaire TWIN BOX - version 2-arabe.txt
2025-12-19 16:44:47,377 - INFO - Processing ARGUME~1_1.DOC...
2025-12-19 16:44:47,382 - ERROR - Failed to extract DOC files\ARGUME~1_1.DOC: [WinError 2] The system cannot find the file specified
2025-12-19 16:44:47,382 - WARNING - No text extracted from files\ARGUME~1_1.DOC
2025-12-19 16:44:47,382 - INFO - Processing ARGUME~1_2.DOC...
2025-12-19 16:44:47,388 - ERROR - Failed to extract DOC files\ARGUME~1_2.DOC: [WinError 2] The system cannot find the file specified
2025-12-19 16:44:47,388 - WARNING - No text extracted from files\ARGUME~1_2.DOC
2025-12-19 16:44:47,388 - INFO - Processing ARGUME~2_1.DOC...
2025-12-19 16:44:47,394 - ERROR - Failed to extract DOC files\ARGUME~2_1.DOC: [WinError 2] The system cannot find the file specified
2025-12-19 16:44:47,394 - WARNING - No text extracted from files\ARGUME~2_1.DOC
2025-12-19 16:44:47,394 - INFO - Processing B \u0627\u062a\u0641\u0627\u0642\u064a\u0629 \u0628\u064a\u0646 \u0627\u062a\u0635\u0627\u0644\u0627\u062a \u0627\u0644\u062c\u0632\u0627\u0626\u0631 \u0648 \u0627\u0644\u0645\u0624\u0633\u0633\u0629.docx...
2025-12-19 16:44:47,435 - INFO - Saved text: real_dataset\B \u0627\u062a\u0641\u0627\u0642\u064a\u0629 \u0628\u064a\u0646 \u0627\u062a\u0635\u0627\u0644\u0627\u062a \u0627\u0644\u062c\u0632\u0627\u0626\u0631 \u0648 \u0627\u0644\u0645\u0624\u0633\u0633\u0629.txt
2025-12-19 16:44:47,435 - INFO - Processing Brief Marketing Nouveaux Avantages Liťs au Paiement …lectronique.pdf...
2025-12-19 16:44:47,462 - ERROR - OCR failed for files\Brief Marketing Nouveaux Avantages Liťs au Paiement …lectronique.pdf: Unable to get page count. Is poppler installed and in PATH?
2025-12-19 16:44:47,462 - INFO - Saved text: real_dataset\Brief Marketing Nouveaux Avantages Liťs au Paiement …lectronique.txt
2025-12-19 16:44:47,462 - INFO - Processing C \u0627\u062a\u0641\u0627\u0642\u064a\u0629 \u0628\u064a\u0646 \u0627\u062a\u0635\u0627\u0644\u0627\u062a \u0627\u0644\u062c\u0632\u0627\u0626\u0631 \u0648 \u0627\u0644\u0645\u0624\u0633\u0633\u0629.docx...
2025-12-19 16:44:47,486 - INFO - Saved text: real_dataset\C \u0627\u062a\u0641\u0627\u0642\u064a\u0629 \u0628\u064a\u0646 \u0627\u062a\u0635\u0627\u0644\u0627\u062a \u0627\u0644\u062c\u0632\u0627\u0626\u0631 \u0648 \u0627\u0644\u0645\u0624\u0633\u0633\u0629.txt
2025-12-19 16:44:47,486 - INFO - Processing Convention  AT & Líťtablissement A.docx...
2025-12-19 16:44:47,514 - INFO - Saved text: real_dataset\Convention  AT & Líťtablissement A.txt
2025-12-19 16:44:47,515 - INFO - Processing Convention Algťrie Tťlťcom & Líťtablissement AB.docx...
2025-12-19 16:44:47,545 - INFO - Saved text: real_dataset\Convention Algťrie Tťlťcom & Líťtablissement AB.txt
2025-12-19 16:44:47,545 - INFO - Processing Convention Algťrie Tťlťcom & Líťtablissement AC.docx...
2025-12-19 16:44:47,585 - INFO - Saved text: real_dataset\Convention Algťrie Tťlťcom & Líťtablissement AC.txt
2025-12-19 16:44:47,585 - INFO - Processing Convention Algťrie Tťlťcom & Líťtablissement AD.docx...
2025-12-19 16:44:47,617 - INFO - Saved text: real_dataset\Convention Algťrie Tťlťcom & Líťtablissement AD.txt
2025-12-19 16:44:47,617 - INFO - Processing Convention Algťrie Tťlťcom & Líťtablissement X.docx...
2025-12-19 16:44:47,647 - INFO - Saved text: real_dataset\Convention Algťrie Tťlťcom & Líťtablissement X.txt
2025-12-19 16:44:47,648 - INFO - Processing Convention Algťrie Tťlťcom & Líťtablissement Y.docx...
2025-12-19 16:44:47,668 - INFO - Saved text: real_dataset\Convention Algťrie Tťlťcom & Líťtablissement Y.txt
2025-12-19 16:44:47,668 - INFO - Processing Convention Algťrie Tťlťcom & Líťtablissement Z.docx...
2025-12-19 16:44:47,690 - INFO - Saved text: real_dataset\Convention Algťrie Tťlťcom & Líťtablissement Z.txt
2025-12-19 16:44:47,691 - INFO - Processing Convention AT &  Líťtablissement R.docx...
2025-12-19 16:44:47,720 - INFO - Saved text: real_dataset\Convention AT &  Líťtablissement R.txt
2025-12-19 16:44:47,720 - INFO - Processing Convention AT & L_ťtablissement P.docx...
2025-12-19 16:44:47,756 - INFO - Saved text: real_dataset\Convention AT & L_ťtablissement P.txt
2025-12-19 16:44:47,756 - INFO - Processing Convention AT & L_ťtablissement T.docx...
2025-12-19 16:44:47,788 - INFO - Saved text: real_dataset\Convention AT & L_ťtablissement T.txt
2025-12-19 16:44:47,788 - INFO - Processing Convention AT & L_ťtablissement V.docx...
2025-12-19 16:44:47,845 - INFO - Saved text: real_dataset\Convention AT & L_ťtablissement V.txt
2025-12-19 16:44:47,846 - INFO - Processing Convention AT & Líťtablissement B.docx...
2025-12-19 16:44:47,886 - INFO - Saved text: real_dataset\Convention AT & Líťtablissement B.txt
2025-12-19 16:44:47,887 - INFO - Processing Convention AT & Líťtablissement k.docx...
2025-12-19 16:44:47,905 - INFO - Saved text: real_dataset\Convention AT & Líťtablissement k.txt
2025-12-19 16:44:47,905 - INFO - Processing Convention AT & Líťtablissement M.docx...
2025-12-19 16:44:47,938 - INFO - Saved text: real_dataset\Convention AT & Líťtablissement M.txt
2025-12-19 16:44:47,938 - INFO - Processing Convention AT & Líťtablissement N.docx...
2025-12-19 16:44:47,960 - INFO - Saved text: real_dataset\Convention AT & Líťtablissement N.txt
2025-12-19 16:44:47,960 - INFO - Processing Convention AT & Líťtablissement O.docx...
2025-12-19 16:44:47,990 - INFO - Saved text: real_dataset\Convention AT & Líťtablissement O.txt
2025-12-19 16:44:47,990 - INFO - Processing Convention AT & Líťtablissement Q.docx...
2025-12-19 16:44:48,018 - INFO - Saved text: real_dataset\Convention AT & Líťtablissement Q.txt
2025-12-19 16:44:48,019 - INFO - Processing Convention AT & Líťtablissement U.docx...
2025-12-19 16:44:48,049 - INFO - Saved text: real_dataset\Convention AT & Líťtablissement U.txt
2025-12-19 16:44:48,049 - INFO - Processing Convention AT & Líťtablissement W.docx...
2025-12-19 16:44:48,078 - INFO - Saved text: real_dataset\Convention AT & Líťtablissement W.txt
2025-12-19 16:44:48,079 - INFO - Processing Convention AT &Líťtablissement L.docx...
2025-12-19 16:44:48,103 - INFO - Saved text: real_dataset\Convention AT &Líťtablissement L.txt
2025-12-19 16:44:48,103 - INFO - Processing Convention AT - & Líťtablissement H.docx...
2025-12-19 16:44:48,122 - INFO - Saved text: real_dataset\Convention AT - & Líťtablissement H.txt
2025-12-19 16:44:48,122 - INFO - Processing Convention AT -& Líťtablissement C.docx...
2025-12-19 16:44:48,144 - INFO - Saved text: real_dataset\Convention AT -& Líťtablissement C.txt
2025-12-19 16:44:48,144 - INFO - Processing Convention AT -& Líťtablissement E.docx...
2025-12-19 16:44:48,168 - INFO - Saved text: real_dataset\Convention AT -& Líťtablissement E.txt
2025-12-19 16:44:48,168 - INFO - Processing Convention AT -& Líťtablissement G.docx...
2025-12-19 16:44:48,219 - INFO - Saved text: real_dataset\Convention AT -& Líťtablissement G.txt
2025-12-19 16:44:48,219 - INFO - Processing Convention AT -& Líťtablissement J.docx...
2025-12-19 16:44:48,245 - INFO - Saved text: real_dataset\Convention AT -& Líťtablissement J.txt
2025-12-19 16:44:48,245 - INFO - Processing Convention AT- & Líťtablissement D.docx...
2025-12-19 16:44:48,268 - INFO - Saved text: real_dataset\Convention AT- & Líťtablissement D.txt
2025-12-19 16:44:48,268 - INFO - Processing Convention AT- & Líťtablissement F.docx...
2025-12-19 16:44:48,293 - INFO - Saved text: real_dataset\Convention AT- & Líťtablissement F.txt
2025-12-19 16:44:48,294 - INFO - Processing Convention AT- & Líťtablissement I.docx...
2025-12-19 16:44:48,315 - INFO - Saved text: real_dataset\Convention AT- & Líťtablissement I.txt
2025-12-19 16:44:48,315 - INFO - Processing Convetion AT & Líťtablissement S.docx...
2025-12-19 16:44:48,336 - INFO - Saved text: real_dataset\Convetion AT & Líťtablissement S.txt
2025-12-19 16:44:48,336 - INFO - Processing D \u0627\u062a\u0641\u0627\u0642\u064a\u0629 \u0628\u064a\u0646 \u0627\u062a\u0635\u0627\u0644\u0627\u062a \u0627\u0644\u062c\u0632\u0627\u0626\u0631 \u0648 \u0627\u0644\u0645\u0624\u0633\u0633\u0629.docx...
2025-12-19 16:44:48,360 - INFO - Saved text: real_dataset\D \u0627\u062a\u0641\u0627\u0642\u064a\u0629 \u0628\u064a\u0646 \u0627\u062a\u0635\u0627\u0644\u0627\u062a \u0627\u0644\u062c\u0632\u0627\u0626\u0631 \u0648 \u0627\u0644\u0645\u0624\u0633\u0633\u0629.txt
2025-12-19 16:44:48,360 - INFO - Processing DCHARG~1.DOC...
2025-12-19 16:44:48,366 - ERROR - Failed to extract DOC files\DCHARG~1.DOC: [WinError 2] The system cannot find the file specified
2025-12-19 16:44:48,366 - WARNING - No text extracted from files\DCHARG~1.DOC
2025-12-19 16:44:48,366 - INFO - Processing DCHARG~2.DOC...
2025-12-19 16:44:48,372 - ERROR - Failed to extract DOC files\DCHARG~2.DOC: [WinError 2] The system cannot find the file specified
2025-12-19 16:44:48,372 - WARNING - No text extracted from files\DCHARG~2.DOC
2025-12-19 16:44:48,372 - INFO - Processing E  \u0627\u062a\u0641\u0627\u0642\u064a\u0629 \u0628\u064a\u0646 \u0627\u062a\u0635\u0627\u0644\u0627\u062a \u0627\u0644\u062c\u0632\u0627\u0626\u0631 \u0648 \u0627\u0644\u0645\u0624\u0633\u0633\u0629.docx...
2025-12-19 16:44:48,409 - INFO - Saved text: real_dataset\E  \u0627\u062a\u0641\u0627\u0642\u064a\u0629 \u0628\u064a\u0646 \u0627\u062a\u0635\u0627\u0644\u0627\u062a \u0627\u0644\u062c\u0632\u0627\u0626\u0631 \u0648 \u0627\u0644\u0645\u0624\u0633\u0633\u0629.txt
2025-12-19 16:44:48,409 - INFO - Processing Encaissement des factures payťes au niveau de bureau de poste.pdf...
2025-12-19 16:44:48,427 - ERROR - OCR failed for files\Encaissement des factures payťes au niveau de bureau de poste.pdf: Unable to get page count. Is poppler installed and in PATH?
2025-12-19 16:44:48,428 - INFO - Saved text: real_dataset\Encaissement des factures payťes au niveau de bureau de poste.txt
2025-12-19 16:44:48,428 - INFO - Processing F \u0627\u062a\u0641\u0627\u0642\u064a\u0629 \u0628\u064a\u0646 \u0627\u062a\u0635\u0627\u0644\u0627\u062a \u0627\u0644\u062c\u0632\u0627\u0626\u0631 \u0648 \u0627\u0644\u0645\u0624\u0633\u0633\u0629.docx...
2025-12-19 16:44:48,451 - INFO - Saved text: real_dataset\F \u0627\u062a\u0641\u0627\u0642\u064a\u0629 \u0628\u064a\u0646 \u0627\u062a\u0635\u0627\u0644\u0627\u062a \u0627\u0644\u062c\u0632\u0627\u0626\u0631 \u0648 \u0627\u0644\u0645\u0624\u0633\u0633\u0629.txt
2025-12-19 16:44:48,451 - INFO - Processing Facture complťmentaire TVA 2_.pdf...
2025-12-19 16:44:48,475 - ERROR - OCR failed for files\Facture complťmentaire TVA 2_.pdf: Unable to get page count. Is poppler installed and in PATH?
2025-12-19 16:44:48,476 - INFO - Saved text: real_dataset\Facture complťmentaire TVA 2_.txt
2025-12-19 16:44:48,476 - INFO - Processing G \u0627\u062a\u0641\u0627\u0642\u064a\u0629 \u0628\u064a\u0646 \u0627\u062a\u0635\u0627\u0644\u0627\u062a \u0627\u0644\u062c\u0632\u0627\u0626\u0631 \u0648 \u0627\u0644\u0645\u0624\u0633\u0633\u0629.docx...
2025-12-19 16:44:48,496 - INFO - Saved text: real_dataset\G \u0627\u062a\u0641\u0627\u0642\u064a\u0629 \u0628\u064a\u0646 \u0627\u062a\u0635\u0627\u0644\u0627\u062a \u0627\u0644\u062c\u0632\u0627\u0626\u0631 \u0648 \u0627\u0644\u0645\u0624\u0633\u0633\u0629.txt
2025-12-19 16:44:48,496 - INFO - Processing Guide d utilisation NGBSS retour ressource.pdf...
2025-12-19 16:44:48,518 - ERROR - OCR failed for files\Guide d utilisation NGBSS retour ressource.pdf: Unable to get page count. Is poppler installed and in PATH?
2025-12-19 16:44:48,519 - INFO - Saved text: real_dataset\Guide d utilisation NGBSS retour ressource.txt
2025-12-19 16:44:48,519 - INFO - Processing Guide NGBSS Crťation enquÍte PSTN et la Gestion díordre.pdf...
2025-12-19 16:44:48,620 - ERROR - OCR failed for files\Guide NGBSS Crťation enquÍte PSTN et la Gestion díordre.pdf: Unable to get page count. Is poppler installed and in PATH?
2025-12-19 16:44:48,623 - INFO - Saved text: real_dataset\Guide NGBSS Crťation enquÍte PSTN et la Gestion díordre.txt
2025-12-19 16:44:48,623 - INFO - Processing Guide NGBSS Crťation nouveau Pack IDOOM Fibre (1).pdf...
2025-12-19 16:44:48,683 - ERROR - OCR failed for files\Guide NGBSS Crťation nouveau Pack IDOOM Fibre (1).pdf: Unable to get page count. Is poppler installed and in PATH?
2025-12-19 16:44:48,684 - INFO - Saved text: real_dataset\Guide NGBSS Crťation nouveau Pack IDOOM Fibre (1).txt
2025-12-19 16:44:48,684 - INFO - Processing Guide NGBSS Edition facture duplicata.pdf...
2025-12-19 16:44:48,710 - ERROR - OCR failed for files\Guide NGBSS Edition facture duplicata.pdf: Unable to get page count. Is poppler installed and in PATH?
2025-12-19 16:44:48,711 - INFO - Saved text: real_dataset\Guide NGBSS Edition facture duplicata.txt
2025-12-19 16:44:48,711 - INFO - Processing Guide NGBSS Encaissement des factures payťes au niveau de bureau de poste.pdf...
2025-12-19 16:44:48,732 - ERROR - OCR failed for files\Guide NGBSS Encaissement des factures payťes au niveau de bureau de poste.pdf: Unable to get page count. Is poppler installed and in PATH?
2025-12-19 16:44:48,732 - INFO - Saved text: real_dataset\Guide NGBSS Encaissement des factures payťes au niveau de bureau de poste.txt
2025-12-19 16:44:48,733 - INFO - Processing Guide NGBSS Facture complťmentaire TVA 2_.pdf...
2025-12-19 16:44:48,764 - ERROR - OCR failed for files\Guide NGBSS Facture complťmentaire TVA 2_.pdf: Unable to get page count. Is poppler installed and in PATH?
2025-12-19 16:44:48,769 - INFO - Saved text: real_dataset\Guide NGBSS Facture complťmentaire TVA 2_.txt
2025-12-19 16:44:48,770 - INFO - Processing Guide NGBSS Inventaire.pdf...
2025-12-19 16:44:48,873 - ERROR - OCR failed for files\Guide NGBSS Inventaire.pdf: Unable to get page count. Is poppler installed and in PATH?
2025-12-19 16:44:48,876 - INFO - Saved text: real_dataset\Guide NGBSS Inventaire.txt
2025-12-19 16:44:48,877 - INFO - Processing Guide NGBSS Ligne temporaire.pdf...
2025-12-19 16:44:48,968 - ERROR - OCR failed for files\Guide NGBSS Ligne temporaire.pdf: Unable to get page count. Is poppler installed and in PATH?
2025-12-19 16:44:48,969 - INFO - Saved text: real_dataset\Guide NGBSS Ligne temporaire.txt
2025-12-19 16:44:48,970 - INFO - Processing Guide NGBSS Recharge par bon de commande - complťment.pdf...
2025-12-19 16:44:49,021 - ERROR - OCR failed for files\Guide NGBSS Recharge par bon de commande - complťment.pdf: Unable to get page count. Is poppler installed and in PATH?
2025-12-19 16:44:49,022 - INFO - Saved text: real_dataset\Guide NGBSS Recharge par bon de commande - complťment.txt
2025-12-19 16:44:49,022 - INFO - Processing Guide NGBSS Rťactivation Abonnť 4G LTE 1.pdf...
2025-12-19 16:44:49,049 - ERROR - OCR failed for files\Guide NGBSS Rťactivation Abonnť 4G LTE 1.pdf: Unable to get page count. Is poppler installed and in PATH?
2025-12-19 16:44:49,051 - INFO - Saved text: real_dataset\Guide NGBSS Rťactivation Abonnť 4G LTE 1.txt
2025-12-19 16:44:49,051 - INFO - Processing Guide NGBSS Vente par Lot_V2.pdf...
2025-12-19 16:44:49,208 - ERROR - OCR failed for files\Guide NGBSS Vente par Lot_V2.pdf: Unable to get page count. Is poppler installed and in PATH?
2025-12-19 16:44:49,209 - INFO - Saved text: real_dataset\Guide NGBSS Vente par Lot_V2.txt
2025-12-19 16:44:49,209 - INFO - Processing H \u0627\u062a\u0641\u0627\u0642\u064a\u0629 \u0628\u064a\u0646 \u0627\u062a\u0635\u0627\u0644\u0627\u062a \u0627\u0644\u062c\u0632\u0627\u0626\u0631 \u0648 \u0627\u0644\u0645\u0624\u0633\u0633\u0629.docx...
2025-12-19 16:44:49,269 - INFO - Saved text: real_dataset\H \u0627\u062a\u0641\u0627\u0642\u064a\u0629 \u0628\u064a\u0646 \u0627\u062a\u0635\u0627\u0644\u0627\u062a \u0627\u0644\u062c\u0632\u0627\u0626\u0631 \u0648 \u0627\u0644\u0645\u0624\u0633\u0633\u0629.txt
2025-12-19 16:44:49,269 - INFO - Processing I \u0627\u062a\u0641\u0627\u0642\u064a\u0629 \u0628\u064a\u0646 \u0627\u062a\u0635\u0627\u0644\u0627\u062a \u0627\u0644\u062c\u0632\u0627\u0626\u0631 \u0648 \u0627\u0644\u0645\u0624\u0633\u0633\u0629.docx...
2025-12-19 16:44:49,313 - INFO - Saved text: real_dataset\I \u0627\u062a\u0641\u0627\u0642\u064a\u0629 \u0628\u064a\u0646 \u0627\u062a\u0635\u0627\u0644\u0627\u062a \u0627\u0644\u062c\u0632\u0627\u0626\u0631 \u0648 \u0627\u0644\u0645\u0624\u0633\u0633\u0629.txt
2025-12-19 16:44:49,314 - INFO - Processing J  \u0627\u062a\u0641\u0627\u0642\u064a\u0629 \u0628\u064a\u0646 \u0627\u062a\u0635\u0627\u0644\u0627\u062a \u0627\u0644\u062c\u0632\u0627\u0626\u0631 \u0648 \u0627\u0644\u0645\u0624\u0633\u0633\u0629.docx...
2025-12-19 16:44:49,345 - INFO - Saved text: real_dataset\J  \u0627\u062a\u0641\u0627\u0642\u064a\u0629 \u0628\u064a\u0646 \u0627\u062a\u0635\u0627\u0644\u0627\u062a \u0627\u0644\u062c\u0632\u0627\u0626\u0631 \u0648 \u0627\u0644\u0645\u0624\u0633\u0633\u0629.txt
2025-12-19 16:44:49,345 - INFO - Processing K  \u0627\u062a\u0641\u0627\u0642\u064a\u0629 \u0628\u064a\u0646 \u0627\u062a\u0635\u0627\u0644\u0627\u062a \u0627\u0644\u062c\u0632\u0627\u0626\u0631 \u0648 \u0627\u0644\u0645\u0624\u0633\u0633\u0629.docx...
2025-12-19 16:44:49,421 - INFO - Saved text: real_dataset\K  \u0627\u062a\u0641\u0627\u0642\u064a\u0629 \u0628\u064a\u0646 \u0627\u062a\u0635\u0627\u0644\u0627\u062a \u0627\u0644\u062c\u0632\u0627\u0626\u0631 \u0648 \u0627\u0644\u0645\u0624\u0633\u0633\u0629.txt
2025-12-19 16:44:49,421 - INFO - Processing L \u0627\u062a\u0641\u0627\u0642\u064a\u0629 \u0628\u064a\u0646 \u0627\u062a\u0635\u0627\u0644\u0627\u062a \u0627\u0644\u062c\u0632\u0627\u0626\u0631 \u0648 \u0627\u0644\u0645\u0624\u0633\u0633\u0629.docx...
2025-12-19 16:44:49,487 - INFO - Saved text: real_dataset\L \u0627\u062a\u0641\u0627\u0642\u064a\u0629 \u0628\u064a\u0646 \u0627\u062a\u0635\u0627\u0644\u0627\u062a \u0627\u0644\u062c\u0632\u0627\u0626\u0631 \u0648 \u0627\u0644\u0645\u0624\u0633\u0633\u0629.txt
2025-12-19 16:44:49,488 - INFO - Processing M \u0627\u062a\u0641\u0627\u0642\u064a\u0629 \u0628\u064a\u0646 \u0627\u062a\u0635\u0627\u0644\u0627\u062a \u0627\u0644\u062c\u0632\u0627\u0626\u0631 \u0648 \u0627\u0644\u0645\u0624\u0633\u0633\u0629.docx...
2025-12-19 16:44:49,542 - INFO - Saved text: real_dataset\M \u0627\u062a\u0641\u0627\u0642\u064a\u0629 \u0628\u064a\u0646 \u0627\u062a\u0635\u0627\u0644\u0627\u062a \u0627\u0644\u062c\u0632\u0627\u0626\u0631 \u0648 \u0627\u0644\u0645\u0624\u0633\u0633\u0629.txt
2025-12-19 16:44:49,543 - INFO - Processing Mise ŗ jour offre Locataire idoom fibre ADSL et VDSL V4 AR (1).docx...
2025-12-19 16:44:49,587 - INFO - Saved text: real_dataset\Mise ŗ jour offre Locataire idoom fibre ADSL et VDSL V4 AR (1).txt
2025-12-19 16:44:49,587 - INFO - Processing Mise ŗ jour offre Locataire idoom fibre ADSL et VDSL V4 AR.docx...
2025-12-19 16:44:49,642 - INFO - Saved text: real_dataset\Mise ŗ jour offre Locataire idoom fibre ADSL et VDSL V4 AR.txt
2025-12-19 16:44:49,643 - INFO - Processing MISEJO~1.DOC...
2025-12-19 16:44:49,655 - ERROR - Failed to extract DOC files\MISEJO~1.DOC: [WinError 2] The system cannot find the file specified
2025-12-19 16:44:49,655 - WARNING - No text extracted from files\MISEJO~1.DOC
2025-12-19 16:44:49,656 - INFO - Processing Mode opťratoire de commercialisation des Kits de branchements FTTH interne Version AR --FIN--.docx...
2025-12-19 16:44:49,774 - INFO - Saved text: real_dataset\Mode opťratoire de commercialisation des Kits de branchements FTTH interne Version AR --FIN--.txt
2025-12-19 16:44:49,774 - INFO - Processing Mode opťratoire de commercialisation des Kits de branchements FTTH interne Version AR --FIN--_1.docx...
2025-12-19 16:44:49,876 - INFO - Saved text: real_dataset\Mode opťratoire de commercialisation des Kits de branchements FTTH interne Version AR --FIN--_1.txt
2025-12-19 16:44:49,876 - INFO - Processing Mode opťratoire de commercialisation des Kits de branchements FTTH interne Version FR --FIN--.docx...
